
*** Running vivado
    with args -log design_1_top_0_0.vds -m64 -product Vivado -mode batch -messageDb vivado.pb -notrace -source design_1_top_0_0.tcl


****** Vivado v2022.1 (64-bit)
  **** SW Build 3526262 on Mon Apr 18 15:47:01 MDT 2022
  **** IP Build 3524634 on Mon Apr 18 20:55:01 MDT 2022
    ** Copyright 1986-2022 Xilinx, Inc. All Rights Reserved.

source design_1_top_0_0.tcl -notrace
INFO: [IP_Flow 19-234] Refreshing IP repositories
INFO: [IP_Flow 19-1700] Loaded user IP repository '/home/gaesol2ee/fpgaWorkspace/vivado_proj/capstone/capstone_ip'.
INFO: [IP_Flow 19-2313] Loaded Vivado IP repository '/home/gaesol2ee/tools/Xilinx/Vivado/2022.1/data/ip'.
Command: synth_design -top design_1_top_0_0 -part xc7z020clg400-1 -incremental_mode off -mode out_of_context
Starting synth_design
Attempting to get a license for feature 'Synthesis' and/or device 'xc7z020'
INFO: [Common 17-349] Got license for feature 'Synthesis' and/or device 'xc7z020'
INFO: [Device 21-403] Loading part xc7z020clg400-1
INFO: [Synth 8-7079] Multithreading enabled for synth_design using a maximum of 4 processes.
INFO: [Synth 8-7078] Launching helper process for spawning children vivado processes
INFO: [Synth 8-7075] Helper process launched with PID 39005
---------------------------------------------------------------------------------
Starting RTL Elaboration : Time (s): cpu = 00:00:03 ; elapsed = 00:00:03 . Memory (MB): peak = 2599.816 ; gain = 0.000 ; free physical = 143 ; free virtual = 6205
---------------------------------------------------------------------------------
INFO: [Synth 8-6157] synthesizing module 'design_1_top_0_0' [/home/gaesol2ee/fpgaWorkspace/vivado_proj/capstone/capstone_hw/capstone_hw.gen/sources_1/bd/design_1/ip/design_1_top_0_0/synth/design_1_top_0_0.v:53]
INFO: [Synth 8-6157] synthesizing module 'top' [/home/gaesol2ee/fpgaWorkspace/vivado_proj/capstone/capstone_hw/capstone_hw.gen/sources_1/bd/design_1/ipshared/3a6d/rtl/top.v:1]
INFO: [Synth 8-6157] synthesizing module 'capstone_axi4l_ip_v1_0' [/home/gaesol2ee/fpgaWorkspace/vivado_proj/capstone/capstone_hw/capstone_hw.gen/sources_1/bd/design_1/ipshared/3a6d/rtl/capstone_axi4l_ip_v1_0.v:4]
INFO: [Synth 8-6157] synthesizing module 'capstone_axi4l_ip_v1_0_S00_AXI' [/home/gaesol2ee/fpgaWorkspace/vivado_proj/capstone/capstone_hw/capstone_hw.gen/sources_1/bd/design_1/ipshared/3a6d/rtl/capstone_axi4l_ip_v1_0_S00_AXI.v:4]
INFO: [Synth 8-226] default block is never used [/home/gaesol2ee/fpgaWorkspace/vivado_proj/capstone/capstone_hw/capstone_hw.gen/sources_1/bd/design_1/ipshared/3a6d/rtl/capstone_axi4l_ip_v1_0_S00_AXI.v:240]
INFO: [Synth 8-226] default block is never used [/home/gaesol2ee/fpgaWorkspace/vivado_proj/capstone/capstone_hw/capstone_hw.gen/sources_1/bd/design_1/ipshared/3a6d/rtl/capstone_axi4l_ip_v1_0_S00_AXI.v:381]
INFO: [Synth 8-6155] done synthesizing module 'capstone_axi4l_ip_v1_0_S00_AXI' (0#1) [/home/gaesol2ee/fpgaWorkspace/vivado_proj/capstone/capstone_hw/capstone_hw.gen/sources_1/bd/design_1/ipshared/3a6d/rtl/capstone_axi4l_ip_v1_0_S00_AXI.v:4]
INFO: [Synth 8-6155] done synthesizing module 'capstone_axi4l_ip_v1_0' (0#1) [/home/gaesol2ee/fpgaWorkspace/vivado_proj/capstone/capstone_hw/capstone_hw.gen/sources_1/bd/design_1/ipshared/3a6d/rtl/capstone_axi4l_ip_v1_0.v:4]
INFO: [Synth 8-6157] synthesizing module 'motor_controller' [/home/gaesol2ee/fpgaWorkspace/vivado_proj/capstone/capstone_hw/capstone_hw.gen/sources_1/bd/design_1/ipshared/3a6d/rtl/motor_controller.v:1]
INFO: [Synth 8-6155] done synthesizing module 'motor_controller' (0#1) [/home/gaesol2ee/fpgaWorkspace/vivado_proj/capstone/capstone_hw/capstone_hw.gen/sources_1/bd/design_1/ipshared/3a6d/rtl/motor_controller.v:1]
INFO: [Synth 8-6155] done synthesizing module 'top' (0#1) [/home/gaesol2ee/fpgaWorkspace/vivado_proj/capstone/capstone_hw/capstone_hw.gen/sources_1/bd/design_1/ipshared/3a6d/rtl/top.v:1]
INFO: [Synth 8-6155] done synthesizing module 'design_1_top_0_0' (0#1) [/home/gaesol2ee/fpgaWorkspace/vivado_proj/capstone/capstone_hw/capstone_hw.gen/sources_1/bd/design_1/ip/design_1_top_0_0/synth/design_1_top_0_0.v:53]
WARNING: [Synth 8-7129] Port S_AXI_AWPROT[2] in module capstone_axi4l_ip_v1_0_S00_AXI is either unconnected or has no load
WARNING: [Synth 8-7129] Port S_AXI_AWPROT[1] in module capstone_axi4l_ip_v1_0_S00_AXI is either unconnected or has no load
WARNING: [Synth 8-7129] Port S_AXI_AWPROT[0] in module capstone_axi4l_ip_v1_0_S00_AXI is either unconnected or has no load
WARNING: [Synth 8-7129] Port S_AXI_ARPROT[2] in module capstone_axi4l_ip_v1_0_S00_AXI is either unconnected or has no load
WARNING: [Synth 8-7129] Port S_AXI_ARPROT[1] in module capstone_axi4l_ip_v1_0_S00_AXI is either unconnected or has no load
WARNING: [Synth 8-7129] Port S_AXI_ARPROT[0] in module capstone_axi4l_ip_v1_0_S00_AXI is either unconnected or has no load
---------------------------------------------------------------------------------
Finished RTL Elaboration : Time (s): cpu = 00:00:04 ; elapsed = 00:00:04 . Memory (MB): peak = 2599.816 ; gain = 0.000 ; free physical = 4203 ; free virtual = 10252
---------------------------------------------------------------------------------
---------------------------------------------------------------------------------
Start Handling Custom Attributes
---------------------------------------------------------------------------------
---------------------------------------------------------------------------------
Finished Handling Custom Attributes : Time (s): cpu = 00:00:04 ; elapsed = 00:00:04 . Memory (MB): peak = 2599.816 ; gain = 0.000 ; free physical = 4199 ; free virtual = 10249
---------------------------------------------------------------------------------
---------------------------------------------------------------------------------
Finished RTL Optimization Phase 1 : Time (s): cpu = 00:00:04 ; elapsed = 00:00:04 . Memory (MB): peak = 2599.816 ; gain = 0.000 ; free physical = 4199 ; free virtual = 10249
---------------------------------------------------------------------------------
Netlist sorting complete. Time (s): cpu = 00:00:00.01 ; elapsed = 00:00:00 . Memory (MB): peak = 2599.816 ; gain = 0.000 ; free physical = 4186 ; free virtual = 10236
INFO: [Project 1-570] Preparing netlist for logic optimization

Processing XDC Constraints
Initializing timing engine
Completed Processing XDC Constraints

Netlist sorting complete. Time (s): cpu = 00:00:00 ; elapsed = 00:00:00 . Memory (MB): peak = 2663.848 ; gain = 0.000 ; free physical = 3941 ; free virtual = 10005
INFO: [Project 1-111] Unisim Transformation Summary:
No Unisim elements were transformed.

Constraint Validation Runtime : Time (s): cpu = 00:00:00.01 ; elapsed = 00:00:00 . Memory (MB): peak = 2663.848 ; gain = 0.000 ; free physical = 3952 ; free virtual = 10015
INFO: [Designutils 20-5008] Incremental synthesis strategy off
---------------------------------------------------------------------------------
Finished Constraint Validation : Time (s): cpu = 00:00:07 ; elapsed = 00:00:08 . Memory (MB): peak = 2663.848 ; gain = 64.031 ; free physical = 3927 ; free virtual = 9994
---------------------------------------------------------------------------------
---------------------------------------------------------------------------------
Start Loading Part and Timing Information
---------------------------------------------------------------------------------
Loading part: xc7z020clg400-1
---------------------------------------------------------------------------------
Finished Loading Part and Timing Information : Time (s): cpu = 00:00:07 ; elapsed = 00:00:08 . Memory (MB): peak = 2663.848 ; gain = 64.031 ; free physical = 3926 ; free virtual = 9994
---------------------------------------------------------------------------------
---------------------------------------------------------------------------------
Start Applying 'set_property' XDC Constraints
---------------------------------------------------------------------------------
---------------------------------------------------------------------------------
Finished applying 'set_property' XDC Constraints : Time (s): cpu = 00:00:07 ; elapsed = 00:00:08 . Memory (MB): peak = 2663.848 ; gain = 64.031 ; free physical = 3875 ; free virtual = 9942
---------------------------------------------------------------------------------
---------------------------------------------------------------------------------
Finished RTL Optimization Phase 2 : Time (s): cpu = 00:00:08 ; elapsed = 00:00:08 . Memory (MB): peak = 2663.848 ; gain = 64.031 ; free physical = 3991 ; free virtual = 10064
---------------------------------------------------------------------------------
---------------------------------------------------------------------------------
Start RTL Component Statistics 
---------------------------------------------------------------------------------
Detailed RTL Component Info : 
+---Adders : 
	   3 Input   29 Bit       Adders := 1     
	   2 Input    8 Bit       Adders := 1     
+---Registers : 
	               32 Bit    Registers := 5     
	               29 Bit    Registers := 1     
	                8 Bit    Registers := 1     
	                4 Bit    Registers := 2     
	                2 Bit    Registers := 2     
	                1 Bit    Registers := 18    
+---Muxes : 
	   2 Input   32 Bit        Muxes := 4     
	   4 Input   32 Bit        Muxes := 5     
	   2 Input    1 Bit        Muxes := 6     
	   3 Input    1 Bit        Muxes := 6     
---------------------------------------------------------------------------------
Finished RTL Component Statistics 
---------------------------------------------------------------------------------
---------------------------------------------------------------------------------
Start Part Resource Summary
---------------------------------------------------------------------------------
Part Resources:
DSPs: 220 (col length:60)
BRAMs: 280 (col length: RAMB18 60 RAMB36 30)
---------------------------------------------------------------------------------
Finished Part Resource Summary
---------------------------------------------------------------------------------
---------------------------------------------------------------------------------
Start Cross Boundary and Area Optimization
---------------------------------------------------------------------------------
WARNING: [Synth 8-7080] Parallel synthesis criteria is not met
WARNING: [Synth 8-7129] Port s00_axi_awprot[2] in module design_1_top_0_0 is either unconnected or has no load
WARNING: [Synth 8-7129] Port s00_axi_awprot[1] in module design_1_top_0_0 is either unconnected or has no load
WARNING: [Synth 8-7129] Port s00_axi_awprot[0] in module design_1_top_0_0 is either unconnected or has no load
WARNING: [Synth 8-7129] Port s00_axi_arprot[2] in module design_1_top_0_0 is either unconnected or has no load
WARNING: [Synth 8-7129] Port s00_axi_arprot[1] in module design_1_top_0_0 is either unconnected or has no load
WARNING: [Synth 8-7129] Port s00_axi_arprot[0] in module design_1_top_0_0 is either unconnected or has no load
---------------------------------------------------------------------------------
Finished Cross Boundary and Area Optimization : Time (s): cpu = 00:00:08 ; elapsed = 00:00:09 . Memory (MB): peak = 2663.848 ; gain = 64.031 ; free physical = 3926 ; free virtual = 10021
---------------------------------------------------------------------------------
---------------------------------------------------------------------------------
Start Applying XDC Timing Constraints
---------------------------------------------------------------------------------
---------------------------------------------------------------------------------
Finished Applying XDC Timing Constraints : Time (s): cpu = 00:00:11 ; elapsed = 00:00:11 . Memory (MB): peak = 2663.848 ; gain = 64.031 ; free physical = 3671 ; free virtual = 9771
---------------------------------------------------------------------------------
---------------------------------------------------------------------------------
Start Timing Optimization
---------------------------------------------------------------------------------
---------------------------------------------------------------------------------
Finished Timing Optimization : Time (s): cpu = 00:00:11 ; elapsed = 00:00:11 . Memory (MB): peak = 2663.848 ; gain = 64.031 ; free physical = 3671 ; free virtual = 9771
---------------------------------------------------------------------------------
---------------------------------------------------------------------------------
Start Technology Mapping
---------------------------------------------------------------------------------
---------------------------------------------------------------------------------
Finished Technology Mapping : Time (s): cpu = 00:00:11 ; elapsed = 00:00:11 . Memory (MB): peak = 2663.848 ; gain = 64.031 ; free physical = 3666 ; free virtual = 9766
---------------------------------------------------------------------------------
---------------------------------------------------------------------------------
Start IO Insertion
---------------------------------------------------------------------------------
---------------------------------------------------------------------------------
Start Flattening Before IO Insertion
---------------------------------------------------------------------------------
---------------------------------------------------------------------------------
Finished Flattening Before IO Insertion
---------------------------------------------------------------------------------
---------------------------------------------------------------------------------
Start Final Netlist Cleanup
---------------------------------------------------------------------------------
---------------------------------------------------------------------------------
Finished Final Netlist Cleanup
---------------------------------------------------------------------------------
---------------------------------------------------------------------------------
Finished IO Insertion : Time (s): cpu = 00:00:13 ; elapsed = 00:00:13 . Memory (MB): peak = 2663.848 ; gain = 64.031 ; free physical = 3497 ; free virtual = 9599
---------------------------------------------------------------------------------
---------------------------------------------------------------------------------
Start Renaming Generated Instances
---------------------------------------------------------------------------------
---------------------------------------------------------------------------------
Finished Renaming Generated Instances : Time (s): cpu = 00:00:13 ; elapsed = 00:00:13 . Memory (MB): peak = 2663.848 ; gain = 64.031 ; free physical = 3497 ; free virtual = 9599
---------------------------------------------------------------------------------
---------------------------------------------------------------------------------
Start Rebuilding User Hierarchy
---------------------------------------------------------------------------------
---------------------------------------------------------------------------------
Finished Rebuilding User Hierarchy : Time (s): cpu = 00:00:13 ; elapsed = 00:00:13 . Memory (MB): peak = 2663.848 ; gain = 64.031 ; free physical = 3495 ; free virtual = 9596
---------------------------------------------------------------------------------
---------------------------------------------------------------------------------
Start Renaming Generated Ports
---------------------------------------------------------------------------------
---------------------------------------------------------------------------------
Finished Renaming Generated Ports : Time (s): cpu = 00:00:13 ; elapsed = 00:00:13 . Memory (MB): peak = 2663.848 ; gain = 64.031 ; free physical = 3494 ; free virtual = 9596
---------------------------------------------------------------------------------
---------------------------------------------------------------------------------
Start Handling Custom Attributes
---------------------------------------------------------------------------------
---------------------------------------------------------------------------------
Finished Handling Custom Attributes : Time (s): cpu = 00:00:13 ; elapsed = 00:00:13 . Memory (MB): peak = 2663.848 ; gain = 64.031 ; free physical = 3493 ; free virtual = 9595
---------------------------------------------------------------------------------
---------------------------------------------------------------------------------
Start Renaming Generated Nets
---------------------------------------------------------------------------------
---------------------------------------------------------------------------------
Finished Renaming Generated Nets : Time (s): cpu = 00:00:13 ; elapsed = 00:00:13 . Memory (MB): peak = 2663.848 ; gain = 64.031 ; free physical = 3493 ; free virtual = 9594
---------------------------------------------------------------------------------
---------------------------------------------------------------------------------
Start Writing Synthesis Report
---------------------------------------------------------------------------------

Report BlackBoxes: 
+-+--------------+----------+
| |BlackBox name |Instances |
+-+--------------+----------+
+-+--------------+----------+

Report Cell Usage: 
+------+-------+------+
|      |Cell   |Count |
+------+-------+------+
|1     |CARRY4 |    22|
|2     |LUT1   |     4|
|3     |LUT2   |    36|
|4     |LUT3   |    10|
|5     |LUT4   |    69|
|6     |LUT5   |     1|
|7     |LUT6   |    38|
|8     |FDCE   |    76|
|9     |FDRE   |   171|
|10    |FDSE   |     1|
+------+-------+------+
---------------------------------------------------------------------------------
Finished Writing Synthesis Report : Time (s): cpu = 00:00:13 ; elapsed = 00:00:13 . Memory (MB): peak = 2663.848 ; gain = 64.031 ; free physical = 3492 ; free virtual = 9594
---------------------------------------------------------------------------------
Synthesis finished with 0 errors, 0 critical warnings and 7 warnings.
Synthesis Optimization Runtime : Time (s): cpu = 00:00:12 ; elapsed = 00:00:12 . Memory (MB): peak = 2663.848 ; gain = 0.000 ; free physical = 3538 ; free virtual = 9639
Synthesis Optimization Complete : Time (s): cpu = 00:00:13 ; elapsed = 00:00:13 . Memory (MB): peak = 2663.848 ; gain = 64.031 ; free physical = 3537 ; free virtual = 9639
INFO: [Project 1-571] Translating synthesized netlist
Netlist sorting complete. Time (s): cpu = 00:00:00.01 ; elapsed = 00:00:00.01 . Memory (MB): peak = 2663.848 ; gain = 0.000 ; free physical = 3626 ; free virtual = 9728
INFO: [Netlist 29-17] Analyzing 22 Unisim elements for replacement
INFO: [Netlist 29-28] Unisim Transformation completed in 0 CPU seconds
INFO: [Project 1-570] Preparing netlist for logic optimization
INFO: [Opt 31-138] Pushed 0 inverter(s) to 0 load pin(s).
Netlist sorting complete. Time (s): cpu = 00:00:00 ; elapsed = 00:00:00 . Memory (MB): peak = 2663.848 ; gain = 0.000 ; free physical = 3641 ; free virtual = 9744
INFO: [Project 1-111] Unisim Transformation Summary:
No Unisim elements were transformed.

Synth Design complete, checksum: 9ded1c06
INFO: [Common 17-83] Releasing license: Synthesis
30 Infos, 13 Warnings, 0 Critical Warnings and 0 Errors encountered.
synth_design completed successfully
synth_design: Time (s): cpu = 00:00:18 ; elapsed = 00:00:15 . Memory (MB): peak = 2663.848 ; gain = 64.031 ; free physical = 3721 ; free virtual = 9824
INFO: [Common 17-1381] The checkpoint '/home/gaesol2ee/fpgaWorkspace/vivado_proj/capstone/capstone_hw/capstone_hw.runs/design_1_top_0_0_synth_1/design_1_top_0_0.dcp' has been generated.
INFO: [Coretcl 2-1648] Added synthesis output to IP cache for IP design_1_top_0_0, cache-ID = e7412367e2f6f93c
INFO: [Coretcl 2-1174] Renamed 4 cell refs.
INFO: [Common 17-1381] The checkpoint '/home/gaesol2ee/fpgaWorkspace/vivado_proj/capstone/capstone_hw/capstone_hw.runs/design_1_top_0_0_synth_1/design_1_top_0_0.dcp' has been generated.
INFO: [runtcl-4] Executing : report_utilization -file design_1_top_0_0_utilization_synth.rpt -pb design_1_top_0_0_utilization_synth.pb
INFO: [Common 17-206] Exiting Vivado at Sat May 10 16:45:31 2025...
